<?xml version="1.0" encoding="UTF-8"?>
<!-- Generated by org.testng.reporters.JUnitReportReporter -->
<testsuite skipped="0" hostname="G5-PC" name="Testcases.Verify_SocialLogin" tests="2" failures="0" timestamp="03 Apr 2018 11:23:30 GMT" time="37.104" errors="0">
  <testcase name="Fblogin" time="31.411" classname="Testcases.Verify_SocialLogin"/>
  <testcase name="Dashboardlogin" time="5.693" classname="Testcases.Verify_SocialLogin"/>
</testsuite> <!-- Testcases.Verify_SocialLogin -->
