<?xml version="1.0" encoding="UTF-8"?>
<!-- Generated by org.testng.reporters.JUnitReportReporter -->
<testsuite skipped="0" hostname="G5-PC" name="Testcases.Verify_SocialLogin" tests="3" failures="0" timestamp="06 Apr 2018 06:07:39 GMT" time="57.430" errors="0">
  <testcase name="Fblogin" time="29.965" classname="Testcases.Verify_SocialLogin"/>
  <testcase name="logut" time="5.386" classname="Testcases.Verify_SocialLogin"/>
  <testcase name="Gmaillogin" time="22.079" classname="Testcases.Verify_SocialLogin"/>
</testsuite> <!-- Testcases.Verify_SocialLogin -->
