<?xml version="1.0" encoding="UTF-8"?>
<!-- Generated by org.testng.reporters.JUnitReportReporter -->
<testsuite skipped="0" hostname="G5-PC" name="Testcases.VerifyDashboardpage" tests="7" failures="0" timestamp="06 Apr 2018 06:40:41 GMT" time="78.228" errors="0">
  <testcase name="Fblogin" time="32.589" classname="Testcases.VerifyDashboardpage"/>
  <testcase name="Dashboardlogin" time="15.484" classname="Testcases.VerifyDashboardpage"/>
  <testcase name="MemberBenefit_Tab" time="5.559" classname="Testcases.VerifyDashboardpage"/>
  <testcase name="Dashboard_Tab" time="6.106" classname="Testcases.VerifyDashboardpage"/>
  <testcase name="Pointsreward_Tab" time="7.550" classname="Testcases.VerifyDashboardpage"/>
  <testcase name="Reward_Tab" time="5.490" classname="Testcases.VerifyDashboardpage"/>
  <testcase name="Reviews_Tab" time="5.450" classname="Testcases.VerifyDashboardpage"/>
</testsuite> <!-- Testcases.VerifyDashboardpage -->
