<?xml version="1.0" encoding="UTF-8"?>
<!-- Generated by org.testng.reporters.JUnitReportReporter -->
<testsuite skipped="0" hostname="G5-PC" name="Testcases.VerifySharingActivity" tests="6" failures="0" timestamp="06 Apr 2018 06:03:56 GMT" time="160.547" errors="0">
  <testcase name="Fblogin" time="30.026" classname="Testcases.VerifySharingActivity"/>
  <testcase name="Dashboardlogin" time="15.469" classname="Testcases.VerifySharingActivity"/>
  <testcase name="Emailsharecheck" time="30.924" classname="Testcases.VerifySharingActivity"/>
  <testcase name="Facebookshare" time="31.533" classname="Testcases.VerifySharingActivity"/>
  <testcase name="Twittershare" time="24.995" classname="Testcases.VerifySharingActivity"/>
  <testcase name="PersonalBitlyshare" time="27.600" classname="Testcases.VerifySharingActivity"/>
</testsuite> <!-- Testcases.VerifySharingActivity -->
